[NX Daemon Server] - 2024-08-22T23:23:41.472Z - Started listening on: /var/folders/07/wr2x8y851gnbvcfqlq6d4sb00000gn/T/1efd29de65cdacad168d/d.sock
[NX Daemon Server] - 2024-08-22T23:23:41.474Z - [WATCHER]: Subscribed to changes within: /Users/geuntabuwono/Documents/GitHub/monorepo-nx (native)
[NX Daemon Server] - 2024-08-22T23:23:41.480Z - Established a connection. Number of open connections: 1
[NX Daemon Server] - 2024-08-22T23:23:41.481Z - Established a connection. Number of open connections: 2
[NX Daemon Server] - 2024-08-22T23:23:41.482Z - Closed a connection. Number of open connections: 1
[NX Daemon Server] - 2024-08-22T23:23:41.483Z - [REQUEST]: Responding to the client. Shutdown initiated
[NX Daemon Server] - 2024-08-22T23:23:41.483Z - Done responding to the client Shutdown initiated
[NX Daemon Server] - 2024-08-22T23:23:41.483Z - Handled FORCE_SHUTDOWN. Handling time: 0. Response time: 0.
[NX Daemon Server] - 2024-08-22T23:23:41.485Z - Closed a connection. Number of open connections: 0
[NX Daemon Server] - 2024-08-22T23:23:41.485Z - [WATCHER]: Stopping the watcher for /Users/geuntabuwono/Documents/GitHub/monorepo-nx (sources)
[NX Daemon Server] - 2024-08-22T23:23:41.485Z - [WATCHER]: Stopping the watcher for /Users/geuntabuwono/Documents/GitHub/monorepo-nx (outputs)
[NX Daemon Server] - 2024-08-22T23:25:20.141Z - Started listening on: /var/folders/07/wr2x8y851gnbvcfqlq6d4sb00000gn/T/1efd29de65cdacad168d/d.sock
[NX Daemon Server] - 2024-08-22T23:25:20.142Z - [WATCHER]: Subscribed to changes within: /Users/geuntabuwono/Documents/GitHub/monorepo-nx (native)
[NX Daemon Server] - 2024-08-22T23:25:20.144Z - Established a connection. Number of open connections: 1
[NX Daemon Server] - 2024-08-22T23:25:20.144Z - Established a connection. Number of open connections: 2
[NX Daemon Server] - 2024-08-22T23:25:20.145Z - Closed a connection. Number of open connections: 1
[NX Daemon Server] - 2024-08-22T23:25:20.146Z - [REQUEST]: Responding to the client. Shutdown initiated
[NX Daemon Server] - 2024-08-22T23:25:20.147Z - Done responding to the client Shutdown initiated
[NX Daemon Server] - 2024-08-22T23:25:20.147Z - Handled FORCE_SHUTDOWN. Handling time: 0. Response time: 1.
[NX Daemon Server] - 2024-08-22T23:25:20.147Z - Closed a connection. Number of open connections: 0
[NX Daemon Server] - 2024-08-22T23:25:20.147Z - [WATCHER]: Stopping the watcher for /Users/geuntabuwono/Documents/GitHub/monorepo-nx (sources)
[NX Daemon Server] - 2024-08-22T23:25:20.147Z - [WATCHER]: Stopping the watcher for /Users/geuntabuwono/Documents/GitHub/monorepo-nx (outputs)
[NX Daemon Server] - 2024-08-22T23:33:43.780Z - Started listening on: /var/folders/07/wr2x8y851gnbvcfqlq6d4sb00000gn/T/1efd29de65cdacad168d/d.sock
[NX Daemon Server] - 2024-08-22T23:33:43.783Z - [WATCHER]: Subscribed to changes within: /Users/geuntabuwono/Documents/GitHub/monorepo-nx (native)
[NX Daemon Server] - 2024-08-22T23:33:43.790Z - Established a connection. Number of open connections: 1
[NX Daemon Server] - 2024-08-22T23:33:43.791Z - Established a connection. Number of open connections: 2
[NX Daemon Server] - 2024-08-22T23:33:43.792Z - Closed a connection. Number of open connections: 1
[NX Daemon Server] - 2024-08-22T23:33:43.793Z - [REQUEST]: Responding to the client. Shutdown initiated
[NX Daemon Server] - 2024-08-22T23:33:43.794Z - Done responding to the client Shutdown initiated
[NX Daemon Server] - 2024-08-22T23:33:43.794Z - Handled FORCE_SHUTDOWN. Handling time: 0. Response time: 1.
[NX Daemon Server] - 2024-08-22T23:33:43.795Z - Closed a connection. Number of open connections: 0
[NX Daemon Server] - 2024-08-22T23:33:43.796Z - [WATCHER]: Stopping the watcher for /Users/geuntabuwono/Documents/GitHub/monorepo-nx (sources)
[NX Daemon Server] - 2024-08-22T23:33:43.796Z - [WATCHER]: Stopping the watcher for /Users/geuntabuwono/Documents/GitHub/monorepo-nx (outputs)
[NX Daemon Server] - 2024-08-22T23:37:23.156Z - Started listening on: /var/folders/07/wr2x8y851gnbvcfqlq6d4sb00000gn/T/1efd29de65cdacad168d/d.sock
[NX Daemon Server] - 2024-08-22T23:37:23.159Z - [WATCHER]: Subscribed to changes within: /Users/geuntabuwono/Documents/GitHub/monorepo-nx (native)
[NX Daemon Server] - 2024-08-22T23:37:23.160Z - Established a connection. Number of open connections: 1
[NX Daemon Server] - 2024-08-22T23:37:23.160Z - Established a connection. Number of open connections: 2
[NX Daemon Server] - 2024-08-22T23:37:23.161Z - Closed a connection. Number of open connections: 1
[NX Daemon Server] - 2024-08-22T23:37:23.162Z - [REQUEST]: Responding to the client. Shutdown initiated
[NX Daemon Server] - 2024-08-22T23:37:23.163Z - Done responding to the client Shutdown initiated
[NX Daemon Server] - 2024-08-22T23:37:23.163Z - Handled FORCE_SHUTDOWN. Handling time: 0. Response time: 1.
[NX Daemon Server] - 2024-08-22T23:37:23.164Z - Closed a connection. Number of open connections: 0
[NX Daemon Server] - 2024-08-22T23:37:23.165Z - [WATCHER]: Stopping the watcher for /Users/geuntabuwono/Documents/GitHub/monorepo-nx (sources)
[NX Daemon Server] - 2024-08-22T23:37:23.165Z - [WATCHER]: Stopping the watcher for /Users/geuntabuwono/Documents/GitHub/monorepo-nx (outputs)
[NX Daemon Server] - 2024-08-22T23:37:49.619Z - Started listening on: /var/folders/07/wr2x8y851gnbvcfqlq6d4sb00000gn/T/1efd29de65cdacad168d/d.sock
[NX Daemon Server] - 2024-08-22T23:37:49.622Z - [WATCHER]: Subscribed to changes within: /Users/geuntabuwono/Documents/GitHub/monorepo-nx (native)
[NX Daemon Server] - 2024-08-22T23:37:49.626Z - Established a connection. Number of open connections: 1
[NX Daemon Server] - 2024-08-22T23:37:49.627Z - Established a connection. Number of open connections: 2
[NX Daemon Server] - 2024-08-22T23:37:49.628Z - Closed a connection. Number of open connections: 1
[NX Daemon Server] - 2024-08-22T23:37:49.629Z - [REQUEST]: Responding to the client. Shutdown initiated
[NX Daemon Server] - 2024-08-22T23:37:49.629Z - Done responding to the client Shutdown initiated
[NX Daemon Server] - 2024-08-22T23:37:49.629Z - Handled FORCE_SHUTDOWN. Handling time: 0. Response time: 0.
[NX Daemon Server] - 2024-08-22T23:37:49.631Z - Closed a connection. Number of open connections: 0
[NX Daemon Server] - 2024-08-22T23:37:49.631Z - [WATCHER]: Stopping the watcher for /Users/geuntabuwono/Documents/GitHub/monorepo-nx (sources)
[NX Daemon Server] - 2024-08-22T23:37:49.631Z - [WATCHER]: Stopping the watcher for /Users/geuntabuwono/Documents/GitHub/monorepo-nx (outputs)
[NX Daemon Server] - 2024-08-22T23:37:53.848Z - Started listening on: /var/folders/07/wr2x8y851gnbvcfqlq6d4sb00000gn/T/1efd29de65cdacad168d/d.sock
[NX Daemon Server] - 2024-08-22T23:37:53.850Z - [WATCHER]: Subscribed to changes within: /Users/geuntabuwono/Documents/GitHub/monorepo-nx (native)
[NX Daemon Server] - 2024-08-22T23:37:53.854Z - Established a connection. Number of open connections: 1
[NX Daemon Server] - 2024-08-22T23:37:53.855Z - Established a connection. Number of open connections: 2
[NX Daemon Server] - 2024-08-22T23:37:53.856Z - Closed a connection. Number of open connections: 1
[NX Daemon Server] - 2024-08-22T23:37:53.857Z - [REQUEST]: Responding to the client. Shutdown initiated
[NX Daemon Server] - 2024-08-22T23:37:53.857Z - Done responding to the client Shutdown initiated
[NX Daemon Server] - 2024-08-22T23:37:53.857Z - Handled FORCE_SHUTDOWN. Handling time: 0. Response time: 0.
[NX Daemon Server] - 2024-08-22T23:37:53.858Z - Closed a connection. Number of open connections: 0
[NX Daemon Server] - 2024-08-22T23:37:53.858Z - [WATCHER]: Stopping the watcher for /Users/geuntabuwono/Documents/GitHub/monorepo-nx (sources)
[NX Daemon Server] - 2024-08-22T23:37:53.858Z - [WATCHER]: Stopping the watcher for /Users/geuntabuwono/Documents/GitHub/monorepo-nx (outputs)
